<?xml version="1.0" encoding="UTF-8"?>
<testsuite name="CucumberRunner" tests="0" skipped="0" failures="0" errors="0" timestamp="1970-01-01T00:00:00" hostname="MTI2-3-IndraMaulana.local" time="0.0">
  <properties/>
  <system-out><![CDATA[
?[31mFailed scenarios:?[0m
?[31mfile:///Users/moka/works/android/advotics-test-automation/src/test/resources/features/Registry.feature:5?[0m# Verify user can edit and search criteria after user find and edit the criteria in registry page

1 Scenarios (?[31m1 failed?[0m)
6 Steps (?[31m1 failed?[0m, ?[36m5 skipped?[0m)
0m0.488s


java.lang.NullPointerException
	at core.pages.OnBoardPage.accessingPage(OnBoardPage.java:13)
	at core.OnBoardingStepDef.usersAccessToTheAmazonWeb(OnBoardingStepDef.java:12)
	at ✽.Users access to the amazon web(file:///Users/moka/works/android/advotics-test-automation/src/test/resources/features/Registry.feature:6)


]]></system-out>
  <system-err><![CDATA[Jun 15, 2021 11:54:59 PM io.cucumber.junit.Cucumber <init>
WARNING: By default Cucumber is running in --non-strict mode.
This default will change to --strict and --non-strict will be removed.
You can use --strict or @CucumberOptions(strict = true) to suppress this warning
]]></system-err>
</testsuite>
